<?xml version="1.0" encoding="UTF-8"?>
<!-- Generated by org.testng.reporters.JUnitReportReporter -->
<testsuite skipped="0" hostname="DESKTOP-JEMU27L" name="Macys_Addcard" tests="1" failures="0" timestamp="23 Feb 2018 10:21:52 GMT" time="14.282" errors="0">
  <testcase name="open" time="14.282" classname="Macys_Addcard"/>
</testsuite> <!-- Macys_Addcard -->
