<?xml version="1.0" encoding="UTF-8"?>
<!-- Generated by org.testng.reporters.JUnitReportReporter -->
<testsuite skipped="0" hostname="DESKTOP-JEMU27L" name="JenkinsDemo" tests="1" failures="0" timestamp="14 Feb 2018 09:26:45 GMT" time="17.204" errors="0">
  <testcase name="open" time="17.204" classname="JenkinsDemo"/>
</testsuite> <!-- JenkinsDemo -->
