<?xml version="1.0" encoding="UTF-8"?>
<!-- Generated by org.testng.reporters.JUnitReportReporter -->
<testsuite skipped="0" hostname="DESKTOP-JEMU27L" name="Macys_AddAccount" tests="1" failures="0" timestamp="14 Feb 2018 10:09:14 GMT" time="16.276" errors="0">
  <testcase name="open" time="16.276" classname="Macys_AddAccount"/>
</testsuite> <!-- Macys_AddAccount -->
